{"level":"fatal","message":"Testing fatal logger"}
{"level":"error","message":"Testing error logger"}
{"level":"warning","message":"Testing warning logger"}
{"level":"info","message":"Testing info logger"}
{"level":"warning","message":"User already registered"}
{"level":"error","message":"Error getting product details:"}
{"level":"fatal","message":"Testing fatal logger"}
{"level":"error","message":"Testing error logger"}
{"level":"warning","message":"Testing warning logger"}
{"level":"info","message":"Testing info logger"}
{"level":"error","message":"LoggerTestController.loggerTest.error is not a function"}
{"level":"fatal","message":"Testing fatal logger"}
{"level":"error","message":"Testing error logger"}
{"level":"warning","message":"Testing warning logger"}
{"level":"info","message":"Testing info logger"}
{"level":"fatal","message":"Testing fatal logger"}
{"level":"error","message":"Testing error logger"}
{"level":"warning","message":"Testing warning logger"}
{"level":"info","message":"Testing info logger"}
{"level":"fatal","message":"Testing fatal logger"}
{"level":"error","message":"Testing error logger"}
{"level":"warning","message":"Testing warning logger"}
{"level":"info","message":"Testing info logger"}
{"level":"error","message":"Unable to delete product"}
{"level":"error","message":"Unable to delete product"}
{"level":"error","message":"Unable to delete product"}
{"level":"error","message":"Unable to delete product"}
{"level":"error","message":"Unable to delete product"}
{"level":"error","message":"Unable to delete product"}
{"level":"error","message":"Unable to delete product"}
{"level":"error","message":"Unable to delete product"}
{"level":"error","message":"Unable to delete product"}
{"level":"error","message":"Unable to delete product"}
{"level":"error","message":"Could not update the product"}
{"level":"error","message":"Could not update the product"}
{"level":"error","message":"Could not update the product"}
{"level":"error","message":"Could not add product to cart"}
{"level":"error","message":"Could not add product to cart"}
{"level":"error","message":"Could not add product to cart"}
{"level":"error","message":"Could not add product to cart"}
{"level":"error"}
{"level":"error","message":"Unable to delete product"}
{"level":"error","message":"Unable to delete product"}
{"level":"error","message":"Unable to delete product"}
{"level":"error","message":"Unable to delete product"}
{"level":"error","message":"Unable to delete product"}
{"level":"error","message":"Unable to delete product"}
{"level":"error","message":"Unable to delete product"}
{"level":"error","message":"Unable to delete product"}
{"level":"info","message":[{"__v":0,"_id":"658e0c25e649e526667ccf62","products":[{"_id":"658e0c25e649e526667ccf63","product":null,"quantity":1}]}]}
{"level":"error","message":"result.notStock is not iterable"}
{"$__":{"$versionError":null,"activePaths":{"paths":{},"states":{"default":{},"modify":{}}},"backup":{"activePaths":{"default":{"_id":true},"modify":{"products":true}},"validationError":null},"cachedRequired":{},"inserting":true,"op":null,"pathsToScopes":{"products":{"__v":0,"_id":"660c8007810afe91a0e90c10","products":[]}},"saveOptions":null,"savedState":{},"saving":null,"validating":null},"$isNew":false,"_doc":{"__v":0,"_id":"660c8007810afe91a0e90c10","products":[]},"level":"info","message":"New Cart:"}
{"$__":{"$versionError":null,"activePaths":{"paths":{},"states":{"default":{},"modify":{}}},"backup":{"activePaths":{"default":{"_id":true},"modify":{"products":true}},"validationError":null},"cachedRequired":{},"inserting":true,"op":null,"pathsToScopes":{"products":{"__v":0,"_id":"660c80218eabb17904f6e730","products":[]}},"saveOptions":null,"savedState":{},"saving":null,"validating":null},"$isNew":false,"_doc":{"__v":0,"_id":"660c80218eabb17904f6e730","products":[]},"level":"info","message":"New Cart:"}
{"$__":{"$versionError":null,"activePaths":{"paths":{},"states":{"default":{},"modify":{}}},"backup":{"activePaths":{"default":{"_id":true},"modify":{"products":true}},"validationError":null},"cachedRequired":{},"inserting":true,"op":null,"pathsToScopes":{"products":{"__v":0,"_id":"660c803fc068f01fbb7d12c2","products":[]}},"saveOptions":null,"savedState":{},"saving":null,"validating":null},"$isNew":false,"_doc":{"__v":0,"_id":"660c803fc068f01fbb7d12c2","products":[]},"level":"info","message":"New Cart:"}
{"$__":{"$versionError":null,"activePaths":{"paths":{},"states":{"default":{},"modify":{}}},"backup":{"activePaths":{"default":{"_id":true},"modify":{"products":true}},"validationError":null},"cachedRequired":{},"inserting":true,"op":null,"pathsToScopes":{"products":{"__v":0,"_id":"660c806099719a1f175896d1","products":[]}},"saveOptions":null,"savedState":{},"saving":null,"validating":null},"$isNew":false,"_doc":{"__v":0,"_id":"660c806099719a1f175896d1","products":[]},"level":"info","message":"New Cart:"}
{"$__":{"$versionError":null,"activePaths":{"paths":{},"states":{"default":{},"modify":{}}},"backup":{"activePaths":{"default":{"_id":true},"modify":{"products":true}},"validationError":null},"cachedRequired":{},"inserting":true,"op":null,"pathsToScopes":{"products":{"__v":0,"_id":"660c80fe407af767cf853bdf","products":[]}},"saveOptions":null,"savedState":{},"saving":null,"validating":null},"$isNew":false,"_doc":{"__v":0,"_id":"660c80fe407af767cf853bdf","products":[]},"level":"info","message":"New Cart:"}
{"$__":{"$versionError":null,"activePaths":{"paths":{},"states":{"default":{},"modify":{}}},"backup":{"activePaths":{"default":{"_id":true},"modify":{"products":true}},"validationError":null},"cachedRequired":{},"inserting":true,"op":null,"pathsToScopes":{"products":{"__v":0,"_id":"660c8164d49b4e674bbeb886","products":[]}},"saveOptions":null,"savedState":{},"saving":null,"validating":null},"$isNew":false,"_doc":{"__v":0,"_id":"660c8164d49b4e674bbeb886","products":[]},"level":"info","message":"New Cart:"}
{"$__":{"$versionError":null,"activePaths":{"paths":{},"states":{"default":{},"modify":{}}},"backup":{"activePaths":{"default":{"_id":true},"modify":{"products":true}},"validationError":null},"cachedRequired":{},"inserting":true,"op":null,"pathsToScopes":{"products":{"__v":0,"_id":"660c99ebd5452fc6c580ae63","products":[]}},"saveOptions":null,"savedState":{},"saving":null,"validating":null},"$isNew":false,"_doc":{"__v":0,"_id":"660c99ebd5452fc6c580ae63","products":[]},"level":"info","message":"New Cart:"}
{"$__":{"$versionError":null,"activePaths":{"paths":{},"states":{"default":{},"modify":{}}},"backup":{"activePaths":{"default":{"_id":true},"modify":{"products":true}},"validationError":null},"cachedRequired":{},"inserting":true,"op":null,"pathsToScopes":{"products":{"__v":0,"_id":"660c9cc3b7af5238ba5135d0","products":[]}},"saveOptions":null,"savedState":{},"saving":null,"validating":null},"$isNew":false,"_doc":{"__v":0,"_id":"660c9cc3b7af5238ba5135d0","products":[]},"level":"info","message":"New Cart:"}
{"$__":{"$versionError":null,"activePaths":{"paths":{},"states":{"default":{},"modify":{}}},"backup":{"activePaths":{"default":{"_id":true},"modify":{"products":true}},"validationError":null},"cachedRequired":{},"inserting":true,"op":null,"pathsToScopes":{"products":{"__v":0,"_id":"660c9cf89bcc0c9e202825b2","products":[]}},"saveOptions":null,"savedState":{},"saving":null,"validating":null},"$isNew":false,"_doc":{"__v":0,"_id":"660c9cf89bcc0c9e202825b2","products":[]},"level":"info","message":"New Cart:"}
{"level":"warning","message":"User already registered"}
{"$__":{"$versionError":null,"activePaths":{"paths":{},"states":{"default":{},"modify":{}}},"backup":{"activePaths":{"default":{"_id":true},"modify":{"products":true}},"validationError":null},"cachedRequired":{},"inserting":true,"op":null,"pathsToScopes":{"products":{"__v":0,"_id":"660c9d9a262bd151844ef64b","products":[]}},"saveOptions":null,"savedState":{},"saving":null,"validating":null},"$isNew":false,"_doc":{"__v":0,"_id":"660c9d9a262bd151844ef64b","products":[]},"level":"info","message":"New Cart:"}
{"$__":{"$versionError":null,"activePaths":{"paths":{},"states":{"default":{},"modify":{}}},"backup":{"activePaths":{"default":{"_id":true},"modify":{"products":true}},"validationError":null},"cachedRequired":{},"inserting":true,"op":null,"pathsToScopes":{"products":{"__v":0,"_id":"660c9dc08ba57c045c86ac91","products":[]}},"saveOptions":null,"savedState":{},"saving":null,"validating":null},"$isNew":false,"_doc":{"__v":0,"_id":"660c9dc08ba57c045c86ac91","products":[]},"level":"info","message":"New Cart:"}
{"$__":{"$versionError":null,"activePaths":{"paths":{},"states":{"default":{},"modify":{}}},"backup":{"activePaths":{"default":{"_id":true},"modify":{"products":true}},"validationError":null},"cachedRequired":{},"inserting":true,"op":null,"pathsToScopes":{"products":{"__v":0,"_id":"660c9de1a12503a16055ab95","products":[]}},"saveOptions":null,"savedState":{},"saving":null,"validating":null},"$isNew":false,"_doc":{"__v":0,"_id":"660c9de1a12503a16055ab95","products":[]},"level":"info","message":"New Cart:"}
{"$__":{"$versionError":null,"activePaths":{"paths":{},"states":{"default":{},"modify":{}}},"backup":{"activePaths":{"default":{"_id":true},"modify":{"products":true}},"validationError":null},"cachedRequired":{},"inserting":true,"op":null,"pathsToScopes":{"products":{"__v":0,"_id":"660c9edc138c82397a835b01","products":[]}},"saveOptions":null,"savedState":{},"saving":null,"validating":null},"$isNew":false,"_doc":{"__v":0,"_id":"660c9edc138c82397a835b01","products":[]},"level":"info","message":"New Cart:"}
{"$__":{"$versionError":null,"activePaths":{"paths":{},"states":{"default":{},"modify":{}}},"backup":{"activePaths":{"default":{"_id":true},"modify":{"products":true}},"validationError":null},"cachedRequired":{},"inserting":true,"op":null,"pathsToScopes":{"products":{"__v":0,"_id":"660c9f4f1c3bd22d8d067ae0","products":[]}},"saveOptions":null,"savedState":{},"saving":null,"validating":null},"$isNew":false,"_doc":{"__v":0,"_id":"660c9f4f1c3bd22d8d067ae0","products":[]},"level":"info","message":"New Cart:"}
{"$__":{"$versionError":null,"activePaths":{"paths":{},"states":{"default":{},"modify":{}}},"backup":{"activePaths":{"default":{"_id":true},"modify":{"products":true}},"validationError":null},"cachedRequired":{},"inserting":true,"op":null,"pathsToScopes":{"products":{"__v":0,"_id":"660c9f8e9cafc9bf19937720","products":[]}},"saveOptions":null,"savedState":{},"saving":null,"validating":null},"$isNew":false,"_doc":{"__v":0,"_id":"660c9f8e9cafc9bf19937720","products":[]},"level":"info","message":"New Cart:"}
{"$__":{"$versionError":null,"activePaths":{"paths":{},"states":{"default":{},"modify":{}}},"backup":{"activePaths":{"default":{"_id":true},"modify":{"products":true}},"validationError":null},"cachedRequired":{},"inserting":true,"op":null,"pathsToScopes":{"products":{"__v":0,"_id":"660ca0ea9cafc9bf19937729","products":[]}},"saveOptions":null,"savedState":{},"saving":null,"validating":null},"$isNew":false,"_doc":{"__v":0,"_id":"660ca0ea9cafc9bf19937729","products":[]},"level":"info","message":"New Cart:"}
{"$__":{"$versionError":null,"activePaths":{"paths":{},"states":{"default":{},"modify":{}}},"backup":{"activePaths":{"default":{"_id":true},"modify":{"products":true}},"validationError":null},"cachedRequired":{},"inserting":true,"op":null,"pathsToScopes":{"products":{"__v":0,"_id":"660ca14f7c862d933ef1ac8c","products":[]}},"saveOptions":null,"savedState":{},"saving":null,"validating":null},"$isNew":false,"_doc":{"__v":0,"_id":"660ca14f7c862d933ef1ac8c","products":[]},"level":"info","message":"New Cart:"}
{"$__":{"$versionError":null,"activePaths":{"paths":{},"states":{"default":{},"modify":{}}},"backup":{"activePaths":{"default":{"_id":true},"modify":{"products":true}},"validationError":null},"cachedRequired":{},"inserting":true,"op":null,"pathsToScopes":{"products":{"__v":0,"_id":"660ca17c5293d34b927225c3","products":[]}},"saveOptions":null,"savedState":{},"saving":null,"validating":null},"$isNew":false,"_doc":{"__v":0,"_id":"660ca17c5293d34b927225c3","products":[]},"level":"info","message":"New Cart:"}
{"$__":{"$versionError":null,"activePaths":{"paths":{},"states":{"default":{},"modify":{}}},"backup":{"activePaths":{"default":{"_id":true},"modify":{"products":true}},"validationError":null},"cachedRequired":{},"inserting":true,"op":null,"pathsToScopes":{"products":{"__v":0,"_id":"660ca1bdf5806fdf72bd9396","products":[]}},"saveOptions":null,"savedState":{},"saving":null,"validating":null},"$isNew":false,"_doc":{"__v":0,"_id":"660ca1bdf5806fdf72bd9396","products":[]},"level":"info","message":"New Cart:"}
{"$__":{"$versionError":null,"activePaths":{"paths":{},"states":{"default":{},"modify":{}}},"backup":{"activePaths":{"default":{"_id":true},"modify":{"products":true}},"validationError":null},"cachedRequired":{},"inserting":true,"op":null,"pathsToScopes":{"products":{"__v":0,"_id":"660ca258266cb4c4233a1ad7","products":[]}},"saveOptions":null,"savedState":{},"saving":null,"validating":null},"$isNew":false,"_doc":{"__v":0,"_id":"660ca258266cb4c4233a1ad7","products":[]},"level":"info","message":"New Cart:"}
{"$__":{"$versionError":null,"activePaths":{"paths":{},"states":{"default":{},"modify":{}}},"backup":{"activePaths":{"default":{"_id":true},"modify":{"products":true}},"validationError":null},"cachedRequired":{},"inserting":true,"op":null,"pathsToScopes":{"products":{"__v":0,"_id":"660ca27dc10d8cbaba5bb4c4","products":[]}},"saveOptions":null,"savedState":{},"saving":null,"validating":null},"$isNew":false,"_doc":{"__v":0,"_id":"660ca27dc10d8cbaba5bb4c4","products":[]},"level":"info","message":"New Cart:"}
{"$__":{"$versionError":null,"activePaths":{"paths":{},"states":{"default":{},"modify":{}}},"backup":{"activePaths":{"default":{"_id":true},"modify":{"products":true}},"validationError":null},"cachedRequired":{},"inserting":true,"op":null,"pathsToScopes":{"products":{"__v":0,"_id":"660ca2992efc990571e3f2b1","products":[]}},"saveOptions":null,"savedState":{},"saving":null,"validating":null},"$isNew":false,"_doc":{"__v":0,"_id":"660ca2992efc990571e3f2b1","products":[]},"level":"info","message":"New Cart:"}
{"$__":{"$versionError":null,"activePaths":{"paths":{},"states":{"default":{},"modify":{}}},"backup":{"activePaths":{"default":{"_id":true},"modify":{"products":true}},"validationError":null},"cachedRequired":{},"inserting":true,"op":null,"pathsToScopes":{"products":{"__v":0,"_id":"660ca2f6cda77e2183f87f7d","products":[]}},"saveOptions":null,"savedState":{},"saving":null,"validating":null},"$isNew":false,"_doc":{"__v":0,"_id":"660ca2f6cda77e2183f87f7d","products":[]},"level":"info","message":"New Cart:"}
{"$__":{"$versionError":null,"activePaths":{"paths":{},"states":{"default":{},"modify":{}}},"backup":{"activePaths":{"default":{"_id":true},"modify":{"products":true}},"validationError":null},"cachedRequired":{},"inserting":true,"op":null,"pathsToScopes":{"products":{"__v":0,"_id":"660ca34821a2e9d3191513ee","products":[]}},"saveOptions":null,"savedState":{},"saving":null,"validating":null},"$isNew":false,"_doc":{"__v":0,"_id":"660ca34821a2e9d3191513ee","products":[]},"level":"info","message":"New Cart:"}
{"$__":{"$versionError":null,"activePaths":{"paths":{},"states":{"default":{},"modify":{}}},"backup":{"activePaths":{"default":{"_id":true},"modify":{"products":true}},"validationError":null},"cachedRequired":{},"inserting":true,"op":null,"pathsToScopes":{"products":{"__v":0,"_id":"660ca39ba339e5aa960c6b8d","products":[]}},"saveOptions":null,"savedState":{},"saving":null,"validating":null},"$isNew":false,"_doc":{"__v":0,"_id":"660ca39ba339e5aa960c6b8d","products":[]},"level":"info","message":"New Cart:"}
{"$__":{"$versionError":null,"activePaths":{"paths":{},"states":{"default":{},"modify":{}}},"backup":{"activePaths":{"default":{"_id":true},"modify":{"products":true}},"validationError":null},"cachedRequired":{},"inserting":true,"op":null,"pathsToScopes":{"products":{"__v":0,"_id":"660ca3e06e484532355f5758","products":[]}},"saveOptions":null,"savedState":{},"saving":null,"validating":null},"$isNew":false,"_doc":{"__v":0,"_id":"660ca3e06e484532355f5758","products":[]},"level":"info","message":"New Cart:"}
{"$__":{"$versionError":null,"activePaths":{"paths":{},"states":{"default":{},"modify":{}}},"backup":{"activePaths":{"default":{"_id":true},"modify":{"products":true}},"validationError":null},"cachedRequired":{},"inserting":true,"op":null,"pathsToScopes":{"products":{"__v":0,"_id":"660ca4438a39f0d863864f24","products":[]}},"saveOptions":null,"savedState":{},"saving":null,"validating":null},"$isNew":false,"_doc":{"__v":0,"_id":"660ca4438a39f0d863864f24","products":[]},"level":"info","message":"New Cart:"}
{"$__":{"$versionError":null,"activePaths":{"paths":{},"states":{"default":{},"modify":{}}},"backup":{"activePaths":{"default":{"_id":true},"modify":{"products":true}},"validationError":null},"cachedRequired":{},"inserting":true,"op":null,"pathsToScopes":{"products":{"__v":0,"_id":"660ca45d9c98d43a17a1a46f","products":[]}},"saveOptions":null,"savedState":{},"saving":null,"validating":null},"$isNew":false,"_doc":{"__v":0,"_id":"660ca45d9c98d43a17a1a46f","products":[]},"level":"info","message":"New Cart:"}
{"$__":{"$versionError":null,"activePaths":{"paths":{},"states":{"default":{},"modify":{}}},"backup":{"activePaths":{"default":{"_id":true},"modify":{"products":true}},"validationError":null},"cachedRequired":{},"inserting":true,"op":null,"pathsToScopes":{"products":{"__v":0,"_id":"660ca4a678a57d1bf55202ce","products":[]}},"saveOptions":null,"savedState":{},"saving":null,"validating":null},"$isNew":false,"_doc":{"__v":0,"_id":"660ca4a678a57d1bf55202ce","products":[]},"level":"info","message":"New Cart:"}
{"$__":{"$versionError":null,"activePaths":{"paths":{},"states":{"default":{},"modify":{}}},"backup":{"activePaths":{"default":{"_id":true},"modify":{"products":true}},"validationError":null},"cachedRequired":{},"inserting":true,"op":null,"pathsToScopes":{"products":{"__v":0,"_id":"660ca4bdaffb8578e4a87a76","products":[]}},"saveOptions":null,"savedState":{},"saving":null,"validating":null},"$isNew":false,"_doc":{"__v":0,"_id":"660ca4bdaffb8578e4a87a76","products":[]},"level":"info","message":"New Cart:"}
{"$__":{"$versionError":null,"activePaths":{"paths":{},"states":{"default":{},"modify":{}}},"backup":{"activePaths":{"default":{"_id":true},"modify":{"products":true}},"validationError":null},"cachedRequired":{},"inserting":true,"op":null,"pathsToScopes":{"products":{"__v":0,"_id":"660ca51127c3efbc36e24a3c","products":[]}},"saveOptions":null,"savedState":{},"saving":null,"validating":null},"$isNew":false,"_doc":{"__v":0,"_id":"660ca51127c3efbc36e24a3c","products":[]},"level":"info","message":"New Cart:"}
{"$__":{"$versionError":null,"activePaths":{"paths":{},"states":{"default":{},"modify":{}}},"backup":{"activePaths":{"default":{"_id":true},"modify":{"products":true}},"validationError":null},"cachedRequired":{},"inserting":true,"op":null,"pathsToScopes":{"products":{"__v":0,"_id":"660ca57e2883998fec83e548","products":[]}},"saveOptions":null,"savedState":{},"saving":null,"validating":null},"$isNew":false,"_doc":{"__v":0,"_id":"660ca57e2883998fec83e548","products":[]},"level":"info","message":"New Cart:"}
{"$__":{"$versionError":null,"activePaths":{"paths":{},"states":{"default":{},"modify":{}}},"backup":{"activePaths":{"default":{"_id":true},"modify":{"products":true}},"validationError":null},"cachedRequired":{},"inserting":true,"op":null,"pathsToScopes":{"products":{"__v":0,"_id":"660ca5a55ad03f93da9b0ddd","products":[]}},"saveOptions":null,"savedState":{},"saving":null,"validating":null},"$isNew":false,"_doc":{"__v":0,"_id":"660ca5a55ad03f93da9b0ddd","products":[]},"level":"info","message":"New Cart:"}
{"$__":{"$versionError":null,"activePaths":{"paths":{},"states":{"default":{},"modify":{}}},"backup":{"activePaths":{"default":{"_id":true},"modify":{"products":true}},"validationError":null},"cachedRequired":{},"inserting":true,"op":null,"pathsToScopes":{"products":{"__v":0,"_id":"660ca5f5993e6a299652f292","products":[]}},"saveOptions":null,"savedState":{},"saving":null,"validating":null},"$isNew":false,"_doc":{"__v":0,"_id":"660ca5f5993e6a299652f292","products":[]},"level":"info","message":"New Cart:"}
{"$__":{"$versionError":null,"activePaths":{"paths":{},"states":{"default":{},"modify":{}}},"backup":{"activePaths":{"default":{"_id":true},"modify":{"products":true}},"validationError":null},"cachedRequired":{},"inserting":true,"op":null,"pathsToScopes":{"products":{"__v":0,"_id":"660ca630c44941254de7d595","products":[]}},"saveOptions":null,"savedState":{},"saving":null,"validating":null},"$isNew":false,"_doc":{"__v":0,"_id":"660ca630c44941254de7d595","products":[]},"level":"info","message":"New Cart:"}
{"$__":{"$versionError":null,"activePaths":{"paths":{},"states":{"default":{},"modify":{}}},"backup":{"activePaths":{"default":{"_id":true},"modify":{"products":true}},"validationError":null},"cachedRequired":{},"inserting":true,"op":null,"pathsToScopes":{"products":{"__v":0,"_id":"660ca6afee1d7b555314cf59","products":[]}},"saveOptions":null,"savedState":{},"saving":null,"validating":null},"$isNew":false,"_doc":{"__v":0,"_id":"660ca6afee1d7b555314cf59","products":[]},"level":"info","message":"New Cart:"}
{"$__":{"$versionError":null,"activePaths":{"paths":{},"states":{"default":{},"modify":{}}},"backup":{"activePaths":{"default":{"_id":true},"modify":{"products":true}},"validationError":null},"cachedRequired":{},"inserting":true,"op":null,"pathsToScopes":{"products":{"__v":0,"_id":"660ca6fe5325bee1348bff65","products":[]}},"saveOptions":null,"savedState":{},"saving":null,"validating":null},"$isNew":false,"_doc":{"__v":0,"_id":"660ca6fe5325bee1348bff65","products":[]},"level":"info","message":"New Cart:"}
{"$__":{"$versionError":null,"activePaths":{"paths":{},"states":{"default":{},"modify":{}}},"backup":{"activePaths":{"default":{"_id":true},"modify":{"products":true}},"validationError":null},"cachedRequired":{},"inserting":true,"op":null,"pathsToScopes":{"products":{"__v":0,"_id":"660ca71d78b347fff702c9f6","products":[]}},"saveOptions":null,"savedState":{},"saving":null,"validating":null},"$isNew":false,"_doc":{"__v":0,"_id":"660ca71d78b347fff702c9f6","products":[]},"level":"info","message":"New Cart:"}
{"level":"error","message":"Could not update the product"}
{"level":"error","message":"Could not update the product"}
{"level":"error","message":"Could not update the product"}
{"$__":{"$versionError":null,"activePaths":{"paths":{},"states":{"default":{},"modify":{}}},"backup":{"activePaths":{"default":{"_id":true},"modify":{"products":true}},"validationError":null},"cachedRequired":{},"inserting":true,"op":null,"pathsToScopes":{"products":{"__v":0,"_id":"660cb034c2678eb76a7c0663","products":[]}},"saveOptions":null,"savedState":{},"saving":null,"validating":null},"$isNew":false,"_doc":{"__v":0,"_id":"660cb034c2678eb76a7c0663","products":[]},"level":"info","message":"New Cart:"}
{"level":"error","message":"Could not update the product"}
{"$__":{"$versionError":null,"activePaths":{"paths":{},"states":{"default":{},"modify":{}}},"backup":{"activePaths":{"default":{"_id":true},"modify":{"products":true}},"validationError":null},"cachedRequired":{},"inserting":true,"op":null,"pathsToScopes":{"products":{"__v":0,"_id":"660cb1654d93d25b2760668c","products":[]}},"saveOptions":null,"savedState":{},"saving":null,"validating":null},"$isNew":false,"_doc":{"__v":0,"_id":"660cb1654d93d25b2760668c","products":[]},"level":"info","message":"New Cart:"}
{"$__":{"$versionError":null,"activePaths":{"paths":{},"states":{"default":{},"modify":{}}},"backup":{"activePaths":{"default":{"_id":true},"modify":{"products":true}},"validationError":null},"cachedRequired":{},"inserting":true,"op":null,"pathsToScopes":{"products":{"__v":0,"_id":"66214533aa31c66790734176","products":[]}},"saveOptions":null,"savedState":{},"saving":null,"validating":null},"$isNew":false,"_doc":{"__v":0,"_id":"66214533aa31c66790734176","products":[]},"level":"info","message":"New Cart:"}
{"$__":{"$versionError":null,"activePaths":{"paths":{},"states":{"default":{},"modify":{}}},"backup":{"activePaths":{"default":{"_id":true},"modify":{"products":true}},"validationError":null},"cachedRequired":{},"inserting":true,"op":null,"pathsToScopes":{"products":{"__v":0,"_id":"663002d68df517c700005ca1","products":[]}},"saveOptions":null,"savedState":{},"saving":null,"validating":null},"$isNew":false,"_doc":{"__v":0,"_id":"663002d68df517c700005ca1","products":[]},"level":"info","message":"New Cart:"}
{"$__":{"$versionError":null,"activePaths":{"paths":{},"states":{"default":{},"modify":{}}},"backup":{"activePaths":{"default":{"_id":true},"modify":{"products":true}},"validationError":null},"cachedRequired":{},"inserting":true,"op":null,"pathsToScopes":{"products":{"__v":0,"_id":"66300e1fc6b9fea107c29fdb","products":[]}},"saveOptions":null,"savedState":{},"saving":null,"validating":null},"$isNew":false,"_doc":{"__v":0,"_id":"66300e1fc6b9fea107c29fdb","products":[]},"level":"info","message":"New Cart:"}
{"level":"warning","message":"User already registered"}
{"level":"error","message":"Registration failure"}
{"$__":{"$versionError":null,"activePaths":{"paths":{},"states":{"default":{},"modify":{}}},"backup":{"activePaths":{"default":{"_id":true},"modify":{"products":true}},"validationError":null},"cachedRequired":{},"inserting":true,"op":null,"pathsToScopes":{"products":{"__v":0,"_id":"66300ea249d6bbfda2399b4f","products":[]}},"saveOptions":null,"savedState":{},"saving":null,"validating":null},"$isNew":false,"_doc":{"__v":0,"_id":"66300ea249d6bbfda2399b4f","products":[]},"level":"info","message":"New Cart:"}
{"$__":{"$versionError":null,"activePaths":{"paths":{},"states":{"default":{},"modify":{}}},"backup":{"activePaths":{"default":{"_id":true},"modify":{"products":true}},"validationError":null},"cachedRequired":{},"inserting":true,"op":null,"pathsToScopes":{"products":{"__v":0,"_id":"6630701e2bce9ad00edb56df","products":[]}},"saveOptions":null,"savedState":{},"saving":null,"validating":null},"$isNew":false,"_doc":{"__v":0,"_id":"6630701e2bce9ad00edb56df","products":[]},"level":"info","message":"New Cart:"}
{"level":"warning","message":"User already registered"}
{"level":"error","message":"Registration failure"}
{"$__":{"$versionError":null,"activePaths":{"paths":{},"states":{"default":{},"modify":{}}},"backup":{"activePaths":{"default":{"_id":true},"modify":{"products":true}},"validationError":null},"cachedRequired":{},"inserting":true,"op":null,"pathsToScopes":{"products":{"__v":0,"_id":"663070e92bce9ad00edb56fa","products":[]}},"saveOptions":null,"savedState":{},"saving":null,"validating":null},"$isNew":false,"_doc":{"__v":0,"_id":"663070e92bce9ad00edb56fa","products":[]},"level":"info","message":"New Cart:"}
{"$__":{"$versionError":null,"activePaths":{"paths":{},"states":{"default":{},"modify":{}}},"backup":{"activePaths":{"default":{"_id":true},"modify":{"products":true}},"validationError":null},"cachedRequired":{},"inserting":true,"op":null,"pathsToScopes":{"products":{"__v":0,"_id":"663072432bce9ad00edb570e","products":[]}},"saveOptions":null,"savedState":{},"saving":null,"validating":null},"$isNew":false,"_doc":{"__v":0,"_id":"663072432bce9ad00edb570e","products":[]},"level":"info","message":"New Cart:"}
{"$__":{"$versionError":null,"activePaths":{"paths":{},"states":{"default":{},"modify":{}}},"backup":{"activePaths":{"default":{"_id":true},"modify":{"products":true}},"validationError":null},"cachedRequired":{},"inserting":true,"op":null,"pathsToScopes":{"products":{"__v":0,"_id":"6630761386fcf93419e8951a","products":[]}},"saveOptions":null,"savedState":{},"saving":null,"validating":null},"$isNew":false,"_doc":{"__v":0,"_id":"6630761386fcf93419e8951a","products":[]},"level":"info","message":"New Cart:"}
{"$__":{"$versionError":null,"activePaths":{"paths":{},"states":{"default":{},"modify":{}}},"backup":{"activePaths":{"default":{"_id":true},"modify":{"products":true}},"validationError":null},"cachedRequired":{},"inserting":true,"op":null,"pathsToScopes":{"products":{"__v":0,"_id":"6630769e672e9f665db89b58","products":[]}},"saveOptions":null,"savedState":{},"saving":null,"validating":null},"$isNew":false,"_doc":{"__v":0,"_id":"6630769e672e9f665db89b58","products":[]},"level":"info","message":"New Cart:"}
{"$__":{"$versionError":null,"activePaths":{"paths":{},"states":{"default":{},"modify":{}}},"backup":{"activePaths":{"default":{"_id":true},"modify":{"products":true}},"validationError":null},"cachedRequired":{},"inserting":true,"op":null,"pathsToScopes":{"products":{"__v":0,"_id":"66313d8b3b424a525fabc9ac","products":[]}},"saveOptions":null,"savedState":{},"saving":null,"validating":null},"$isNew":false,"_doc":{"__v":0,"_id":"66313d8b3b424a525fabc9ac","products":[]},"level":"info","message":"New Cart:"}
{"$__":{"$versionError":null,"activePaths":{"paths":{},"states":{"default":{},"modify":{}}},"backup":{"activePaths":{"default":{"_id":true},"modify":{"products":true}},"validationError":null},"cachedRequired":{},"inserting":true,"op":null,"pathsToScopes":{"products":{"__v":0,"_id":"6631422331d03ab2f6d3cafb","products":[]}},"saveOptions":null,"savedState":{},"saving":null,"validating":null},"$isNew":false,"_doc":{"__v":0,"_id":"6631422331d03ab2f6d3cafb","products":[]},"level":"info","message":"New Cart:"}
{"$__":{"$versionError":null,"activePaths":{"paths":{},"states":{"default":{},"modify":{}}},"backup":{"activePaths":{"default":{"_id":true},"modify":{"products":true}},"validationError":null},"cachedRequired":{},"inserting":true,"op":null,"pathsToScopes":{"products":{"__v":0,"_id":"663143b67611dc32d51391c1","products":[]}},"saveOptions":null,"savedState":{},"saving":null,"validating":null},"$isNew":false,"_doc":{"__v":0,"_id":"663143b67611dc32d51391c1","products":[]},"level":"info","message":"New Cart:"}
{"$__":{"$versionError":null,"activePaths":{"paths":{},"states":{"default":{},"modify":{}}},"backup":{"activePaths":{"default":{"_id":true},"modify":{"products":true}},"validationError":null},"cachedRequired":{},"inserting":true,"op":null,"pathsToScopes":{"products":{"__v":0,"_id":"66316bb928ff73eb1c9cdc12","products":[]}},"saveOptions":null,"savedState":{},"saving":null,"validating":null},"$isNew":false,"_doc":{"__v":0,"_id":"66316bb928ff73eb1c9cdc12","products":[]},"level":"info","message":"New Cart:"}
{"$__":{"$versionError":null,"activePaths":{"paths":{},"states":{"default":{},"modify":{}}},"backup":{"activePaths":{"default":{"_id":true},"modify":{"products":true}},"validationError":null},"cachedRequired":{},"inserting":true,"op":null,"pathsToScopes":{"products":{"__v":0,"_id":"66316ccd30dc51bba3c21e77","products":[]}},"saveOptions":null,"savedState":{},"saving":null,"validating":null},"$isNew":false,"_doc":{"__v":0,"_id":"66316ccd30dc51bba3c21e77","products":[]},"level":"info","message":"New Cart:"}
{"$__":{"$versionError":null,"activePaths":{"paths":{},"states":{"default":{},"modify":{}}},"backup":{"activePaths":{"default":{"_id":true},"modify":{"products":true}},"validationError":null},"cachedRequired":{},"inserting":true,"op":null,"pathsToScopes":{"products":{"__v":0,"_id":"66316de0c29a0a8e61e14183","products":[]}},"saveOptions":null,"savedState":{},"saving":null,"validating":null},"$isNew":false,"_doc":{"__v":0,"_id":"66316de0c29a0a8e61e14183","products":[]},"level":"info","message":"New Cart:"}
{"$__":{"$versionError":null,"activePaths":{"paths":{},"states":{"default":{},"modify":{}}},"backup":{"activePaths":{"default":{"_id":true},"modify":{"products":true}},"validationError":null},"cachedRequired":{},"inserting":true,"op":null,"pathsToScopes":{"products":{"__v":0,"_id":"66317243afcabad96aa40d5f","products":[]}},"saveOptions":null,"savedState":{},"saving":null,"validating":null},"$isNew":false,"_doc":{"__v":0,"_id":"66317243afcabad96aa40d5f","products":[]},"level":"info","message":"New Cart:"}
{"$__":{"$versionError":null,"activePaths":{"paths":{},"states":{"default":{},"modify":{}}},"backup":{"activePaths":{"default":{"_id":true},"modify":{"products":true}},"validationError":null},"cachedRequired":{},"inserting":true,"op":null,"pathsToScopes":{"products":{"__v":0,"_id":"66319689278e38053c822c39","products":[]}},"saveOptions":null,"savedState":{},"saving":null,"validating":null},"$isNew":false,"_doc":{"__v":0,"_id":"66319689278e38053c822c39","products":[]},"level":"info","message":"New Cart:"}
{"level":"error","message":"Error fetching products:"}
{"level":"error","message":"Error fetching products:"}
{"level":"error","message":"Error fetching products:"}
{"level":"error","message":"The product could not be added"}
{"level":"error","message":"The product could not be added"}
{"level":"error","message":"The product could not be added"}
{"level":"error","message":"The product could not be added"}
{"level":"error","message":"The product could not be added"}
{"level":"error","message":"The product could not be added"}
{"level":"error","message":"Error fetching products:"}
{"level":"error","message":"Error fetching products:"}
{"$__":{"$versionError":null,"activePaths":{"paths":{},"states":{"default":{},"modify":{}}},"backup":{"activePaths":{"default":{"_id":true},"modify":{"products":true}},"validationError":null},"cachedRequired":{},"inserting":true,"op":null,"pathsToScopes":{"products":{"__v":0,"_id":"663303d2cd3d3d9b16ce0105","products":[]}},"saveOptions":null,"savedState":{},"saving":null,"validating":null},"$isNew":false,"_doc":{"__v":0,"_id":"663303d2cd3d3d9b16ce0105","products":[]},"level":"info","message":"New Cart:"}
{"$__":{"$versionError":null,"activePaths":{"paths":{},"states":{"default":{},"modify":{}}},"backup":{"activePaths":{"default":{"_id":true},"modify":{"products":true}},"validationError":null},"cachedRequired":{},"inserting":true,"op":null,"pathsToScopes":{"products":{"__v":0,"_id":"663303ddcd3d3d9b16ce0112","products":[]}},"saveOptions":null,"savedState":{},"saving":null,"validating":null},"$isNew":false,"_doc":{"__v":0,"_id":"663303ddcd3d3d9b16ce0112","products":[]},"level":"info","message":"New Cart:"}
{"$__":{"$versionError":null,"activePaths":{"paths":{},"states":{"default":{},"modify":{}}},"backup":{"activePaths":{"default":{"_id":true},"modify":{"products":true}},"validationError":null},"cachedRequired":{},"inserting":true,"op":null,"pathsToScopes":{"products":{"__v":0,"_id":"663303f6cd3d3d9b16ce011f","products":[]}},"saveOptions":null,"savedState":{},"saving":null,"validating":null},"$isNew":false,"_doc":{"__v":0,"_id":"663303f6cd3d3d9b16ce011f","products":[]},"level":"info","message":"New Cart:"}
{"level":"warning","message":"User already registered"}
{"level":"error","message":"Registration failure"}
{"$__":{"$versionError":null,"activePaths":{"paths":{},"states":{"default":{},"modify":{}}},"backup":{"activePaths":{"default":{"_id":true},"modify":{"products":true}},"validationError":null},"cachedRequired":{},"inserting":true,"op":null,"pathsToScopes":{"products":{"__v":0,"_id":"66330461cd3d3d9b16ce0148","products":[]}},"saveOptions":null,"savedState":{},"saving":null,"validating":null},"$isNew":false,"_doc":{"__v":0,"_id":"66330461cd3d3d9b16ce0148","products":[]},"level":"info","message":"New Cart:"}
{"$__":{"$versionError":null,"activePaths":{"paths":{},"states":{"default":{},"modify":{}}},"backup":{"activePaths":{"default":{"_id":true},"modify":{"products":true}},"validationError":null},"cachedRequired":{},"inserting":true,"op":null,"pathsToScopes":{"products":{"__v":0,"_id":"6633046bcd3d3d9b16ce0155","products":[]}},"saveOptions":null,"savedState":{},"saving":null,"validating":null},"$isNew":false,"_doc":{"__v":0,"_id":"6633046bcd3d3d9b16ce0155","products":[]},"level":"info","message":"New Cart:"}
{"$__":{"$versionError":null,"activePaths":{"paths":{},"states":{"default":{},"modify":{}}},"backup":{"activePaths":{"default":{"_id":true},"modify":{"products":true}},"validationError":null},"cachedRequired":{},"inserting":true,"op":null,"pathsToScopes":{"products":{"__v":0,"_id":"663306a2d0901e016e173620","products":[]}},"saveOptions":null,"savedState":{},"saving":null,"validating":null},"$isNew":false,"_doc":{"__v":0,"_id":"663306a2d0901e016e173620","products":[]},"level":"info","message":"New Cart:"}
{"$__":{"$versionError":null,"activePaths":{"paths":{},"states":{"default":{},"modify":{}}},"backup":{"activePaths":{"default":{"_id":true},"modify":{"products":true}},"validationError":null},"cachedRequired":{},"inserting":true,"op":null,"pathsToScopes":{"products":{"__v":0,"_id":"663306b8d0901e016e173639","products":[]}},"saveOptions":null,"savedState":{},"saving":null,"validating":null},"$isNew":false,"_doc":{"__v":0,"_id":"663306b8d0901e016e173639","products":[]},"level":"info","message":"New Cart:"}
{"level":"error","message":"Unable to delete product"}
{"level":"error","message":"Unable to delete product"}
{"level":"error","message":"Unable to delete product"}
{"level":"error","message":"Unable to delete product"}
{"level":"error","message":"Unable to delete product"}
{"level":"error","message":"Unable to delete product"}
{"$__":{"$versionError":null,"activePaths":{"paths":{},"states":{"default":{},"modify":{}}},"backup":{"activePaths":{"default":{"_id":true},"modify":{"products":true}},"validationError":null},"cachedRequired":{},"inserting":true,"op":null,"pathsToScopes":{"products":{"__v":0,"_id":"6633e1c1bed0c248db3b46f8","products":[]}},"saveOptions":null,"savedState":{},"saving":null,"validating":null},"$isNew":false,"_doc":{"__v":0,"_id":"6633e1c1bed0c248db3b46f8","products":[]},"level":"info","message":"New Cart:"}
{"$__":{"$versionError":null,"activePaths":{"paths":{},"states":{"default":{},"modify":{}}},"backup":{"activePaths":{"default":{"_id":true},"modify":{"products":true}},"validationError":null},"cachedRequired":{},"inserting":true,"op":null,"pathsToScopes":{"products":{"__v":0,"_id":"6633e310cf48622fbbbb4dbf","products":[]}},"saveOptions":null,"savedState":{},"saving":null,"validating":null},"$isNew":false,"_doc":{"__v":0,"_id":"6633e310cf48622fbbbb4dbf","products":[]},"level":"info","message":"New Cart:"}
{"$__":{"$versionError":null,"activePaths":{"paths":{},"states":{"default":{},"modify":{}}},"backup":{"activePaths":{"default":{"_id":true},"modify":{"products":true}},"validationError":null},"cachedRequired":{},"inserting":true,"op":null,"pathsToScopes":{"products":{"__v":0,"_id":"6633e5462430f354b4aea0e5","products":[]}},"saveOptions":null,"savedState":{},"saving":null,"validating":null},"$isNew":false,"_doc":{"__v":0,"_id":"6633e5462430f354b4aea0e5","products":[]},"level":"info","message":"New Cart:"}
{"level":"error","message":"Unable to delete product"}
{"level":"error","message":"Unable to delete product"}
{"level":"error","message":"Unable to delete product"}
{"level":"error","message":"Unable to delete product"}
{"level":"error","message":"Unable to delete product"}
{"level":"error","message":"Unable to delete product"}
{"level":"error","message":"Unable to delete product"}
{"level":"error","message":"Unable to delete product"}
{"level":"error","message":"Unable to delete product"}
{"level":"error","message":"Unable to delete product"}
{"level":"error","message":"Unable to delete product"}
{"level":"error","message":"Unable to delete product"}
{"level":"error","message":"Unable to delete product"}
{"level":"error","message":"Unable to delete product"}
{"$__":{"$versionError":null,"activePaths":{"paths":{},"states":{"default":{},"modify":{}}},"backup":{"activePaths":{"default":{"_id":true},"modify":{"products":true}},"validationError":null},"cachedRequired":{},"inserting":true,"op":null,"pathsToScopes":{"products":{"__v":0,"_id":"6633e80238359115ec4141ef","products":[]}},"saveOptions":null,"savedState":{},"saving":null,"validating":null},"$isNew":false,"_doc":{"__v":0,"_id":"6633e80238359115ec4141ef","products":[]},"level":"info","message":"New Cart:"}
{"level":"error","message":"Could not update the product"}
{"$__":{"$versionError":null,"activePaths":{"paths":{},"states":{"default":{},"modify":{}}},"backup":{"activePaths":{"default":{"_id":true},"modify":{"products":true}},"validationError":null},"cachedRequired":{},"inserting":true,"op":null,"pathsToScopes":{"products":{"__v":0,"_id":"6633e83cbaa5d70afae5a966","products":[]}},"saveOptions":null,"savedState":{},"saving":null,"validating":null},"$isNew":false,"_doc":{"__v":0,"_id":"6633e83cbaa5d70afae5a966","products":[]},"level":"info","message":"New Cart:"}
{"level":"error","message":"Could not update the product"}
{"$__":{"$versionError":null,"activePaths":{"paths":{},"states":{"default":{},"modify":{}}},"backup":{"activePaths":{"default":{"_id":true},"modify":{"products":true}},"validationError":null},"cachedRequired":{},"inserting":true,"op":null,"pathsToScopes":{"products":{"__v":0,"_id":"6633f172a9efa1c074a10b05","products":[]}},"saveOptions":null,"savedState":{},"saving":null,"validating":null},"$isNew":false,"_doc":{"__v":0,"_id":"6633f172a9efa1c074a10b05","products":[]},"level":"info","message":"New Cart:"}
{"$__":{"$versionError":null,"activePaths":{"paths":{},"states":{"default":{},"modify":{}}},"backup":{"activePaths":{"default":{"_id":true},"modify":{"products":true}},"validationError":null},"cachedRequired":{},"inserting":true,"op":null,"pathsToScopes":{"products":{"__v":0,"_id":"663416bd9b507c92f1fc3e3d","products":[]}},"saveOptions":null,"savedState":{},"saving":null,"validating":null},"$isNew":false,"_doc":{"__v":0,"_id":"663416bd9b507c92f1fc3e3d","products":[]},"level":"info","message":"New Cart:"}
{"$__":{"$versionError":null,"activePaths":{"paths":{},"states":{"default":{},"modify":{}}},"backup":{"activePaths":{"default":{"_id":true},"modify":{"products":true}},"validationError":null},"cachedRequired":{},"inserting":true,"op":null,"pathsToScopes":{"products":{"__v":0,"_id":"663416d99b507c92f1fc3e51","products":[]}},"saveOptions":null,"savedState":{},"saving":null,"validating":null},"$isNew":false,"_doc":{"__v":0,"_id":"663416d99b507c92f1fc3e51","products":[]},"level":"info","message":"New Cart:"}
{"$__":{"$versionError":null,"activePaths":{"paths":{},"states":{"default":{},"modify":{}}},"backup":{"activePaths":{"default":{"_id":true},"modify":{"products":true}},"validationError":null},"cachedRequired":{},"inserting":true,"op":null,"pathsToScopes":{"products":{"__v":0,"_id":"6634f9627b280e1e8ad93b62","products":[]}},"saveOptions":null,"savedState":{},"saving":null,"validating":null},"$isNew":false,"_doc":{"__v":0,"_id":"6634f9627b280e1e8ad93b62","products":[]},"level":"info","message":"New Cart:"}
